{"message":"connect ECONNREFUSED 127.0.0.1:27017","reason":{"type":"Single","setName":null,"maxSetVersion":null,"maxElectionId":null,"servers":{},"stale":false,"compatible":true,"compatibilityError":null,"logicalSessionTimeoutMinutes":null,"heartbeatFrequencyMS":10000,"localThresholdMS":15,"commonWireVersion":null},"level":"error","timestamp":"2021-06-06T12:32:46.799Z"}
{"message":"connect ECONNREFUSED 127.0.0.1:27017","reason":{"type":"Single","setName":null,"maxSetVersion":null,"maxElectionId":null,"servers":{},"stale":false,"compatible":true,"compatibilityError":null,"logicalSessionTimeoutMinutes":null,"heartbeatFrequencyMS":10000,"localThresholdMS":15,"commonWireVersion":null},"level":"error","timestamp":"2021-06-13T01:34:36.200Z"}
{"level":"error","timestamp":"2023-02-28T17:34:07.924Z"}
{"level":"error","timestamp":"2023-02-28T17:35:25.841Z"}
{"level":"error","timestamp":"2023-02-28T17:35:42.863Z"}
{"level":"error","message":"Could not connect to any servers in your MongoDB Atlas cluster. One common reason is that you're trying to access the database from an IP that isn't whitelisted. Make sure your current IP address is on your Atlas cluster's IP whitelist: https://www.mongodb.com/docs/atlas/security-whitelist/","reason":{"commonWireVersion":0,"compatible":true,"heartbeatFrequencyMS":10000,"localThresholdMS":15,"logicalSessionTimeoutMinutes":null,"maxElectionId":null,"maxSetVersion":null,"servers":{},"setName":"atlas-osn4k0-shard-0","stale":false,"type":"ReplicaSetNoPrimary"},"timestamp":"2023-02-28T22:32:28.809Z"}
{"level":"error","message":"Could not connect to any servers in your MongoDB Atlas cluster. One common reason is that you're trying to access the database from an IP that isn't whitelisted. Make sure your current IP address is on your Atlas cluster's IP whitelist: https://www.mongodb.com/docs/atlas/security-whitelist/","reason":{"commonWireVersion":0,"compatible":true,"heartbeatFrequencyMS":10000,"localThresholdMS":15,"logicalSessionTimeoutMinutes":null,"maxElectionId":null,"maxSetVersion":null,"servers":{},"setName":"atlas-osn4k0-shard-0","stale":false,"type":"ReplicaSetNoPrimary"},"timestamp":"2023-02-28T22:40:48.125Z"}
{"level":"error","message":"Could not connect to any servers in your MongoDB Atlas cluster. One common reason is that you're trying to access the database from an IP that isn't whitelisted. Make sure your current IP address is on your Atlas cluster's IP whitelist: https://www.mongodb.com/docs/atlas/security-whitelist/","reason":{"commonWireVersion":0,"compatible":true,"heartbeatFrequencyMS":10000,"localThresholdMS":15,"logicalSessionTimeoutMinutes":null,"maxElectionId":null,"maxSetVersion":null,"servers":{},"setName":"atlas-osn4k0-shard-0","stale":false,"type":"ReplicaSetNoPrimary"},"timestamp":"2023-02-28T22:42:21.573Z"}
{"level":"error","message":"Could not connect to any servers in your MongoDB Atlas cluster. One common reason is that you're trying to access the database from an IP that isn't whitelisted. Make sure your current IP address is on your Atlas cluster's IP whitelist: https://www.mongodb.com/docs/atlas/security-whitelist/","reason":{"commonWireVersion":0,"compatible":true,"heartbeatFrequencyMS":10000,"localThresholdMS":15,"logicalSessionTimeoutMinutes":null,"maxElectionId":null,"maxSetVersion":null,"servers":{},"setName":"atlas-osn4k0-shard-0","stale":false,"type":"ReplicaSetNoPrimary"},"timestamp":"2023-02-28T23:11:31.222Z"}
{"level":"error","message":"Could not connect to any servers in your MongoDB Atlas cluster. One common reason is that you're trying to access the database from an IP that isn't whitelisted. Make sure your current IP address is on your Atlas cluster's IP whitelist: https://www.mongodb.com/docs/atlas/security-whitelist/","reason":{"commonWireVersion":0,"compatible":true,"heartbeatFrequencyMS":10000,"localThresholdMS":15,"logicalSessionTimeoutMinutes":null,"maxElectionId":null,"maxSetVersion":null,"servers":{},"setName":"atlas-osn4k0-shard-0","stale":false,"type":"ReplicaSetNoPrimary"},"timestamp":"2023-02-28T23:12:23.521Z"}
{"level":"error","message":"Could not connect to any servers in your MongoDB Atlas cluster. One common reason is that you're trying to access the database from an IP that isn't whitelisted. Make sure your current IP address is on your Atlas cluster's IP whitelist: https://www.mongodb.com/docs/atlas/security-whitelist/","reason":{"commonWireVersion":0,"compatible":true,"heartbeatFrequencyMS":10000,"localThresholdMS":15,"logicalSessionTimeoutMinutes":null,"maxElectionId":null,"maxSetVersion":null,"servers":{},"setName":"atlas-osn4k0-shard-0","stale":false,"type":"ReplicaSetNoPrimary"},"timestamp":"2023-02-28T23:14:24.875Z"}
{"level":"error","message":"Could not connect to any servers in your MongoDB Atlas cluster. One common reason is that you're trying to access the database from an IP that isn't whitelisted. Make sure your current IP address is on your Atlas cluster's IP whitelist: https://www.mongodb.com/docs/atlas/security-whitelist/","reason":{"commonWireVersion":0,"compatible":true,"heartbeatFrequencyMS":10000,"localThresholdMS":15,"logicalSessionTimeoutMinutes":null,"maxElectionId":null,"maxSetVersion":null,"servers":{},"setName":"atlas-osn4k0-shard-0","stale":false,"type":"ReplicaSetNoPrimary"},"timestamp":"2023-02-28T23:15:39.930Z"}

{
  level: 'error',
  message: 'username not valid',
  stack: 'Error: username not valid\n' +
    '    at updateUserNameService (/home/karem-mohamed/me/other/leanNode/server/services/userService.js:35:11)\n' +
    '    at updateUserName (/home/karem-mohamed/me/other/leanNode/server/controller/userController.js:17:22)\n' +
    '    at /home/karem-mohamed/me/other/leanNode/server/utils/catchAsync.js:2:19\n' +
    '    at newFn (/home/karem-mohamed/me/other/leanNode/server/node_modules/express-async-errors/index.js:16:20)\n' +
    '    at Layer.handle [as handle_request] (/home/karem-mohamed/me/other/leanNode/server/node_modules/express/lib/router/layer.js:95:5)\n' +
    '    at next (/home/karem-mohamed/me/other/leanNode/server/node_modules/express/lib/router/route.js:144:13)\n' +
    '    at module.exports (/home/karem-mohamed/me/other/leanNode/server/middleware/checkUser.js:12:5)\n' +
    '    at process.processTicksAndRejections (node:internal/process/task_queues:95:5)',
  timestamp: '2023-03-01 01:54:47'
}